31842, 100
31842,100
2012-10-12 16:36:56.570:INFO:oejs.Server:jetty-8.0.y.z-SNAPSHOT
2012-10-12 16:36:56.607:INFO:oejs.AbstractConnector:Started SelectChannelConnector@0.0.0.0:20008
userRatings: 1	{3853:9.0,15505:6.0,16422:9.0,17265:9.0}
userRatings: 1	{3853:9.0,15505:6.0,16422:9.0,17265:9.0}
userRatings: 1	{1150:9.0,2643:8.0,6938:8.0,8339:9.0,9754:9.0,12490:9.0,14338:9.0,15790:9.0,26902:8.0,31574:10.0}
userRatings: 1	{8562:9.0}
userRatings: 1	{1150:9.0,2643:8.0,6938:8.0,8339:9.0,9754:9.0,12490:9.0,14338:9.0,15790:9.0,26902:8.0,31574:10.0}
userRatings: 1	{1150:9.0,2643:8.0,6938:8.0,8339:9.0,9754:9.0,12490:9.0,14338:9.0,15790:9.0,26902:8.0,31574:10.0}
userRatings: 1	{3088:9.0,4986:10.0,6018:9.0,7562:10.0,9138:9.0,17863:9.0,22556:8.0}
userRatings: 1	{895:6.0,2825:8.0,13620:10.0,15226:10.0,18609:10.0}
userRatings: 1	{895:6.0,2825:8.0,13620:10.0,15226:10.0}
userRatings: 1	{2825:8.0,13620:10.0,15226:10.0}
userRatings: 1	{9754:10.0,15505:10.0,21863:10.0}
userRatings: 1	{2310:9.0,2906:7.0,3088:9.0,8998:10.0,10369:9.0,19858:8.0,20361:9.0,22556:9.0,23950:10.0,28416:8.0}
userRatings: 1	{226:8.0,1166:10.0,3853:9.0,4616:9.0,7359:10.0,18550:9.0,26546:10.0}
userRatings: 1	{226:8.0,554:7.0,821:5.0,1166:10.0,2652:10.0,3298:9.0,3613:4.0,3853:9.0,4616:9.0,5940:8.0,6568:4.0,7359:10.0,8354:8.0,15790:10.0,15813:8.0,16877:7.0,18547:10.0,18550:9.0,19540:10.0,23052:7.0,25260:8.0,26491:9.0,26546:10.0,30319:7.0}
userRatings: 1	{226:8.0,554:7.0,821:5.0,1166:10.0,1673:8.0,2310:6.0,2652:10.0,3298:9.0,3613:4.0,3853:9.0,4616:9.0,5940:8.0,6568:4.0,7359:10.0,8354:8.0,13826:10.0,13990:5.0,15790:10.0,15813:8.0,16877:7.0,18547:10.0,18550:9.0,19540:10.0,23052:7.0,25260:8.0,26491:9.0,26546:10.0,27015:8.0,28753:10.0,30319:7.0}
userRatings: 1	{226:8.0,554:7.0,821:5.0,1166:10.0,1673:8.0,2310:6.0,2652:10.0,3298:9.0,3613:4.0,3853:9.0,4616:9.0,5940:8.0,6568:4.0,7359:10.0,8354:8.0,13826:10.0,13990:5.0,15790:10.0,15813:8.0,16877:7.0,18547:10.0,18550:9.0,19540:10.0,23052:7.0,25260:8.0,26491:9.0,26546:10.0,27015:8.0,28753:10.0,30319:7.0}
userRatings: 1	{3853:10.0,4412:10.0,7352:10.0,15327:10.0,15505:10.0,15790:10.0,27853:10.0,29066:10.0}
userRatings: 6	{4356:5.0,10506:5.0,14626:9.0,25023:7.0,30598:10.0}
userRatings: 6	{2004:10.0,4356:5.0,14626:9.0,23228:9.0,25023:7.0,25389:10.0,27773:9.0,28510:8.0,30598:10.0}
userRatings: 6	{2004:10.0,4046:9.0,4066:10.0,4356:5.0,14626:9.0,23228:9.0,25023:7.0,25389:10.0,27773:9.0,28510:8.0,30598:10.0}
userRatings: 6	{2004:10.0,4046:9.0,4066:10.0,4356:5.0,14626:9.0,23228:9.0,25023:7.0,25389:10.0,27773:9.0,28510:8.0,30598:10.0}
userRatings: 6	{48:10.0,2004:10.0,4046:9.0,4066:10.0,4356:5.0,13596:7.0,14626:9.0,23228:9.0,25023:7.0,25026:9.0,25389:10.0,27773:9.0,28510:8.0,30250:8.0,30598:10.0,31022:10.0}
userRatings: 6	{48:10.0,2004:10.0,4046:9.0,4066:10.0,4356:5.0,10074:9.0,13596:7.0,14626:9.0,23228:9.0,25023:7.0,25026:9.0,25389:10.0,27773:9.0,28510:8.0,30250:8.0,30598:10.0,31022:10.0}
userRatings: 6	{48:10.0,2004:10.0,4046:9.0,4066:10.0,4356:5.0,10074:9.0,13596:7.0,14626:9.0,23228:9.0,25023:7.0,25026:9.0,25389:10.0,27773:9.0,28510:8.0,30250:8.0,30598:10.0,31022:10.0}
userRatings: 6	{48:10.0,2004:10.0,4046:9.0,4066:10.0,4356:5.0,10074:9.0,13596:7.0,14626:9.0,23228:9.0,25023:7.0,25026:9.0,25389:10.0,27773:9.0,28510:8.0,30250:8.0,30598:10.0,31022:10.0}
userRatings: 1	{226:8.0,554:7.0,821:5.0,1166:10.0,1673:8.0,2310:6.0,2652:10.0,3298:9.0,3613:4.0,3853:9.0,4616:9.0,5940:8.0,6568:4.0,7359:10.0,8354:8.0,13826:10.0,13990:5.0,15790:10.0,15813:8.0,16877:7.0,18547:10.0,18550:9.0,19540:10.0,23052:7.0,25260:8.0,26491:9.0,26546:10.0,27015:8.0,28753:10.0,30319:7.0}
userRatings: 6	{48:10.0,1465:3.0,2004:10.0,3298:6.0,4046:9.0,4066:10.0,4356:5.0,10074:9.0,13596:7.0,14626:9.0,23228:9.0,23950:6.0,25023:7.0,25026:9.0,25389:10.0,27773:9.0,28510:8.0,30250:8.0,30598:10.0,31022:10.0}
userRatings: 1	{226:8.0,554:7.0,821:5.0,1166:10.0,1673:8.0,2310:6.0,2652:10.0,3298:9.0,3613:4.0,3853:9.0,4616:9.0,5940:8.0,6568:4.0,7359:10.0,8354:8.0,13826:10.0,13990:5.0,15790:10.0,15813:8.0,16877:7.0,18547:10.0,18550:9.0,19540:10.0,23052:7.0,25260:8.0,26491:9.0,26546:10.0,27015:8.0,28753:10.0,30319:7.0}
userRatings: 9	{563:4.0,3653:8.0,3936:8.0,3962:8.0,4356:8.0,6732:2.0,8610:10.0,10074:10.0,13824:10.0,14214:6.0,14626:8.0,16422:10.0,30598:10.0}
userRatings: 9	{563:4.0,3653:8.0,3936:8.0,3962:8.0,4066:10.0,4356:8.0,6732:2.0,8610:10.0,10074:10.0,11083:6.0,13824:10.0,14214:6.0,14626:8.0,15226:8.0,15532:8.0,16422:10.0,23228:8.0,27613:6.0,30598:10.0}
userRatings: 9	{563:4.0,3653:8.0,3936:8.0,3962:8.0,4066:10.0,4356:8.0,6732:2.0,8610:10.0,9617:8.0,10074:10.0,11083:6.0,13824:10.0,14214:6.0,14626:8.0,15124:8.0,15226:8.0,15532:8.0,16422:10.0,18698:10.0,23228:8.0,27613:6.0,30598:10.0}
userRatings: 9	{563:4.0,3653:8.0,3936:8.0,3962:8.0,4066:10.0,4356:8.0,6732:2.0,8610:10.0,9617:8.0,10074:10.0,11083:6.0,13824:10.0,14214:6.0,14626:8.0,15124:8.0,15226:8.0,15532:8.0,16422:10.0,18698:10.0,23228:8.0,27613:6.0,30598:10.0}
userRatings: 9	{563:4.0,3653:8.0,3936:8.0,3959:8.0,3962:8.0,4066:10.0,4356:8.0,6732:2.0,8610:10.0,9617:8.0,10074:10.0,11083:6.0,13824:10.0,14214:6.0,14626:8.0,15124:8.0,15226:8.0,15532:8.0,16422:10.0,18698:10.0,23228:8.0,27613:6.0,30598:10.0}
userRatings: 1	{21979:10.0}
userRatings: 1	{11625:10.0,15581:8.0,17223:8.0,18824:8.0,18992:10.0,28649:8.0,29529:10.0}
userRatings: 1	{1150:9.0,2643:8.0,6938:8.0,8339:9.0,9754:9.0,12490:9.0,14338:9.0,15790:9.0,26902:8.0,31574:10.0}
userRatings: 1	{1150:9.0,2643:8.0,6938:8.0,8339:9.0,9754:9.0,12490:9.0,14338:9.0,15790:9.0,26902:8.0,31574:10.0}
userRatings: 1	{226:8.0,554:7.0,821:5.0,1166:10.0,1673:8.0,2310:6.0,2652:10.0,3298:9.0,3613:4.0,3853:9.0,4616:9.0,5940:8.0,6568:4.0,7359:10.0,8354:8.0,13826:10.0,13990:5.0,15790:10.0,15813:8.0,16877:7.0,18547:10.0,18550:9.0,19540:10.0,23052:7.0,25260:8.0,26491:9.0,26546:10.0,27015:8.0,28753:10.0,30319:7.0}
userRatings: 1	{8562:9.0}
userRatings: 1	{1150:9.0,2643:8.0,6938:8.0,8339:9.0,9754:9.0,12490:9.0,14338:9.0,15790:9.0,26902:8.0,31574:10.0}
userRatings: 1	{1150:9.0,2643:8.0,6938:8.0,8339:9.0,9754:9.0,12490:9.0,14338:9.0,15790:9.0,26902:8.0,31574:10.0}
userRatings: 1	{1150:9.0,2643:8.0,6938:8.0,8339:9.0,9754:9.0,12490:9.0,14338:9.0,15790:9.0,26902:8.0,31574:10.0}
userRatings: 1	{226:8.0,554:7.0,821:5.0,1166:10.0,1673:8.0,2310:6.0,2652:10.0,3298:9.0,3613:4.0,3853:9.0,4616:9.0,5940:8.0,6568:4.0,7359:10.0,8354:8.0,13826:10.0,13990:5.0,15790:10.0,15813:8.0,16877:7.0,18547:10.0,18550:9.0,19540:10.0,23052:7.0,25260:8.0,26491:9.0,26546:10.0,27015:8.0,28753:10.0,30319:7.0}
userRatings: 1	{8562:9.0}
userRatings: 1	{1150:9.0,2643:8.0,6938:8.0,8339:9.0,9754:9.0,12490:9.0,14338:9.0,15790:9.0,26902:8.0,31574:10.0}
userRatings: 1	{1150:9.0,2643:8.0,6938:8.0,8339:9.0,9754:9.0,12490:9.0,14338:9.0,15790:9.0,26902:8.0,31574:10.0}
userRatings: 1	{735:10.0}
userRatings: 1	{1150:9.0,2643:8.0,6938:8.0,8339:9.0,9754:9.0,12490:9.0,14338:9.0,15790:9.0,26902:8.0,31574:10.0}
userRatings: 1	{478:10.0,5207:10.0,11198:10.0,14137:10.0,29692:10.0}
userRatings: 1	{478:10.0,5207:10.0,11198:10.0,14137:10.0,29692:10.0}
userRatings: 1	{11625:10.0,15581:8.0,17223:8.0,18824:8.0,18992:10.0,28649:8.0,29529:10.0}
userRatings: 1	{3088:9.0,4986:10.0,6018:9.0,7562:10.0,9138:9.0,17863:9.0,22556:8.0}
userRatings: 1	{3088:9.0,4986:10.0,6018:9.0,7562:10.0,9138:9.0,17863:9.0,22556:8.0}
userRatings: 1	{478:10.0,5207:10.0,11198:10.0,14137:10.0,29692:10.0}
userRatings: 1	{2310:9.0,2906:7.0,3088:9.0,8998:10.0,10369:9.0,19858:8.0,20361:9.0,22556:9.0,23950:10.0,28416:8.0}
userRatings: 1	{226:8.0,554:7.0,821:5.0,1166:10.0,1673:8.0,2310:6.0,2652:10.0,3298:9.0,3613:4.0,3853:9.0,4616:9.0,5940:8.0,6568:4.0,7359:10.0,8354:8.0,13826:10.0,13990:5.0,15790:10.0,15813:8.0,16877:7.0,18547:10.0,18550:9.0,19540:10.0,23052:7.0,25260:8.0,26491:9.0,26546:10.0,27015:8.0,28753:10.0,30319:7.0}
userRatings: 10	{3853:10.0}
userRatings: 10	{3853:10.0,20684:8.0}
userRatings: 10	{3853:10.0,20684:8.0}
userRatings: 10	{3853:10.0,13938:8.0,20684:8.0}
userRatings: 10	{3853:10.0,13938:8.0,20684:8.0,28661:10.0}
userRatings: 1	{478:10.0,5207:10.0,11198:10.0,14137:10.0,29692:10.0}
userRatings: 1	{2310:9.0,2906:7.0,3088:9.0,8998:10.0,10369:9.0,19858:8.0,20361:9.0,22556:9.0,23950:10.0,28416:8.0}
userRatings: 1	{226:8.0,554:7.0,821:5.0,1166:10.0,1673:8.0,2310:6.0,2652:10.0,3298:9.0,3613:4.0,3853:9.0,4616:9.0,5940:8.0,6568:4.0,7359:10.0,8354:8.0,13826:10.0,13990:5.0,15790:10.0,15813:8.0,16877:7.0,18547:10.0,18550:9.0,19540:10.0,23052:7.0,25260:8.0,26491:9.0,26546:10.0,27015:8.0,28753:10.0,30319:7.0}
userRatings: 1	{226:8.0,554:7.0,821:5.0,1166:10.0,1673:8.0,2310:6.0,2652:10.0,3298:9.0,3613:4.0,3853:9.0,4616:9.0,5940:8.0,6568:4.0,7359:10.0,8354:8.0,13826:10.0,13990:5.0,15790:10.0,15813:8.0,16877:7.0,18547:10.0,18550:9.0,19540:10.0,23052:7.0,25260:8.0,26491:9.0,26546:10.0,27015:8.0,28753:10.0,30319:7.0}
userRatings: 1	{226:8.0,554:7.0,821:5.0,1166:10.0,1673:8.0,2310:6.0,2652:10.0,3298:9.0,3613:4.0,3853:9.0,4616:9.0,5940:8.0,6568:4.0,7359:10.0,8354:8.0,13826:10.0,13990:5.0,15790:10.0,15813:8.0,16877:7.0,18547:10.0,18550:9.0,19540:10.0,23052:7.0,25260:8.0,26491:9.0,26546:10.0,27015:8.0,28753:10.0,30319:7.0}
userRatings: 1	{226:8.0,554:7.0,821:5.0,1166:10.0,1673:8.0,2310:6.0,2652:10.0,3298:9.0,3613:4.0,3853:9.0,4616:9.0,5940:8.0,6568:4.0,7359:10.0,8354:8.0,13826:10.0,13990:5.0,15790:10.0,15813:8.0,16877:7.0,18547:10.0,18550:9.0,19540:10.0,23052:7.0,25260:8.0,26491:9.0,26546:10.0,27015:8.0,28753:10.0,30319:7.0}
userRatings: 1	{226:8.0,554:7.0,821:5.0,1166:10.0,1673:8.0,2310:6.0,2652:10.0,3298:9.0,3613:4.0,3853:9.0,4616:9.0,5940:8.0,6568:4.0,7359:10.0,8354:8.0,13826:10.0,13990:5.0,15790:10.0,15813:8.0,16877:7.0,18547:10.0,18550:9.0,19540:10.0,23052:7.0,25260:8.0,26491:9.0,26546:10.0,27015:8.0,28753:10.0,30319:7.0}
userRatings: 1	{3853:10.0,4412:10.0,15327:10.0,15505:10.0,15790:10.0,27853:10.0}
userRatings: 1	{3853:10.0,4412:10.0,15327:10.0,15505:10.0,15790:10.0,27853:10.0,29066:10.0}
userRatings: 1	{3853:10.0,4412:10.0,15327:10.0,15505:10.0,15790:10.0,27853:10.0,29066:10.0}
userRatings: 1	{3853:10.0,4412:10.0,15327:10.0,15505:10.0,15790:10.0,27853:10.0,29066:10.0}
userRatings: 1	{3853:10.0,4412:10.0,15327:10.0,15505:10.0,15790:10.0,27853:10.0,29066:10.0}
userRatings: 1	{3853:10.0,4412:10.0,15327:10.0,15505:10.0,15790:10.0,27853:10.0,29066:10.0}
userRatings: 1	{3853:10.0,4412:10.0,15327:10.0,15505:10.0,15790:10.0,27853:10.0,29066:10.0}
userRatings: 1	{3853:10.0,4412:10.0,15327:10.0,15505:10.0,15790:10.0,27853:10.0,29066:10.0}
userRatings: 1	{3853:10.0,4412:10.0,15327:10.0,15505:10.0,15790:10.0,27853:10.0,29066:10.0}
userRatings: 1	{226:8.0,554:7.0,821:5.0,1166:10.0,1673:8.0,2310:6.0,2652:10.0,3298:9.0,3613:4.0,3853:9.0,4616:9.0,5940:8.0,6568:4.0,7359:10.0,8354:8.0,13826:10.0,13990:5.0,15790:10.0,15813:8.0,16877:7.0,18547:10.0,18550:9.0,19540:10.0,23052:7.0,25260:8.0,26491:9.0,26546:10.0,27015:8.0,28753:10.0,30319:7.0}
userRatings: 1	{3853:10.0,4412:10.0,15327:10.0,15505:10.0,15790:10.0,27853:10.0,29066:10.0}
userRatings: 1	{3853:10.0,4412:10.0,15327:10.0,15505:10.0,15790:10.0,27853:10.0,29066:10.0}
userRatings: 1	{3853:10.0,4412:10.0,15327:10.0,15505:10.0,15790:10.0,27853:10.0,29066:10.0}
userRatings: 1	{3853:10.0,4412:10.0,15327:10.0,15505:10.0,15790:10.0,27853:10.0,29066:10.0}
userRatings: 1	{3853:10.0,4412:10.0,15327:10.0,15505:10.0,15790:10.0,27853:10.0,29066:10.0}
userRatings: 1	{3853:10.0,4412:10.0,15327:10.0,15505:10.0,15790:10.0,27853:10.0,29066:10.0}
userRatings: 1	{3853:10.0,4412:10.0,15327:10.0,15505:10.0,15790:10.0,27853:10.0,29066:10.0}
userRatings: 1	{3853:10.0,4412:10.0,15327:10.0,15505:10.0,15790:10.0,27853:10.0,29066:10.0}
userRatings: 1	{3853:10.0,4412:10.0,15327:10.0,15505:10.0,15790:10.0,27853:10.0,29066:10.0}
userRatings: 1	{3853:10.0,4412:10.0,15327:10.0,15505:10.0,15790:10.0,27853:10.0,29066:10.0}
userRatings: 1	{3853:10.0,4412:10.0,15327:10.0,15505:10.0,15790:10.0,27853:10.0,29066:10.0}
userRatings: 1	{3853:10.0,4412:10.0,15327:10.0,15505:10.0,15790:10.0,27853:10.0,29066:10.0}
userRatings: 1	{3853:10.0,7028:10.0,15327:10.0,15505:10.0,15790:10.0,27853:10.0,29066:10.0}
userRatings: 1	{3853:10.0,7028:10.0,15327:10.0,15505:10.0,15790:10.0,27853:10.0,29066:10.0}
userRatings: 1	{3853:10.0,7028:10.0,15327:10.0,15505:10.0,15790:10.0,27853:10.0,29066:10.0}
userRatings: 1	{3853:10.0,7028:10.0,15327:10.0,15505:10.0,15790:10.0,27853:10.0,29066:10.0}
userRatings: 1	{3853:10.0,7028:10.0,15327:10.0,15505:10.0,15790:10.0,27853:10.0,29066:10.0}
userRatings: 1	{3853:10.0,7028:10.0,15327:10.0,15505:10.0,15790:10.0,27853:10.0,29066:10.0}
userRatings: 1	{3853:10.0,7028:10.0,15327:10.0,15505:10.0,15790:10.0,27853:10.0,29066:10.0}
userRatings: 1	{3853:10.0,7028:10.0,15327:10.0,15505:10.0,15790:10.0,27853:10.0,29066:10.0}
userRatings: 1	{3853:10.0,7028:10.0,15327:10.0,15505:10.0,15790:10.0,27853:10.0,29066:10.0}
userRatings: 1	{3853:10.0,7028:10.0,15327:10.0,15505:10.0,15790:10.0,27853:10.0,29066:10.0}
userRatings: 1	{3853:10.0,7028:10.0,15327:10.0,15505:10.0,15790:10.0,27853:10.0,29066:10.0}
userRatings: 1	{2310:9.0,2906:7.0,3088:9.0,8998:10.0,10369:9.0,19858:8.0,20361:9.0,22556:9.0,23950:10.0,28416:8.0}
userRatings: 1	{3853:10.0,7028:10.0,15327:10.0,15505:10.0,15790:10.0,27853:10.0,29066:10.0}
userRatings: 1	{3853:10.0,7028:10.0,15327:10.0,15505:10.0,15790:10.0,27853:10.0,29066:10.0}
userRatings: 1	{3853:10.0,7028:10.0,15327:10.0,15505:10.0,15790:10.0,27853:10.0,29066:10.0}
userRatings: 1	{3853:10.0,7028:10.0,15327:10.0,15505:10.0,15790:10.0,27853:10.0,29066:10.0}
userRatings: 1	{3853:10.0,7028:10.0,15327:10.0,15505:10.0,15790:10.0,27853:10.0,29066:10.0}
userRatings: 1	{3853:10.0,7028:10.0,15327:10.0,15505:10.0,15790:10.0,27853:10.0,29066:10.0}
userRatings: 1	{3853:10.0,7028:10.0,15327:10.0,15505:10.0,15790:10.0,27853:10.0,29066:10.0}
userRatings: 1	{3853:10.0,7028:10.0,15327:10.0,15505:10.0,15790:10.0,27853:10.0,29066:10.0}
userRatings: 1	{3853:10.0,7028:10.0,15327:10.0,15505:10.0,15790:10.0,27853:10.0,29066:10.0}
userRatings: 1	{3853:10.0,7028:10.0,15327:10.0,15505:10.0,15790:10.0,27853:10.0,29066:10.0}
userRatings: 1	{1150:9.0,2643:8.0,6938:8.0,8339:9.0,9754:9.0,12490:9.0,14338:9.0,15790:9.0,26902:8.0,31574:10.0}
userRatings: 1	{1150:9.0,2643:8.0,6938:8.0,8339:9.0,9754:9.0,12490:9.0,14338:9.0,15790:9.0,26902:8.0,31574:10.0}
userRatings: 1	{1150:9.0,2643:8.0,6938:8.0,8339:9.0,9754:9.0,12490:9.0,14338:9.0,15790:9.0,26902:8.0,31574:10.0}
userRatings: 1	{1150:9.0,2643:8.0,6938:8.0,8339:9.0,9754:9.0,12490:9.0,14338:9.0,15790:9.0,26902:8.0,31574:10.0}
userRatings: 1	{1150:9.0,2643:8.0,6938:8.0,8339:9.0,9754:9.0,12490:9.0,14338:9.0,15790:9.0,26902:8.0,31574:10.0}
userRatings: 1	{1150:9.0,2643:8.0,6938:8.0,8339:9.0,9754:9.0,12490:9.0,14338:9.0,15790:9.0,26902:8.0,31574:10.0}
userRatings: 1	{1150:9.0,2643:8.0,6938:8.0,8339:9.0,9754:9.0,12490:9.0,14338:9.0,15790:9.0,26902:8.0,31574:10.0}
userRatings: 1	{1150:9.0,2643:8.0,6938:8.0,8339:9.0,9754:9.0,12490:9.0,14338:9.0,15790:9.0,26902:8.0,31574:10.0}
userRatings: 1	{1150:9.0,2643:8.0,6938:8.0,8339:9.0,9754:9.0,12490:9.0,14338:9.0,15790:9.0,26902:8.0,31574:10.0}
userRatings: 1	{1150:9.0,2643:8.0,6938:8.0,8339:9.0,9754:9.0,12490:9.0,14338:9.0,15790:9.0,26902:8.0,31574:10.0}
userRatings: 1	{1150:9.0,2643:8.0,6938:8.0,8339:9.0,9754:9.0,12490:9.0,13436:8.0,14338:9.0,15790:9.0,26902:8.0,31574:10.0}
userRatings: 1	{1150:9.0,2643:8.0,6938:8.0,8339:9.0,9754:9.0,12490:9.0,13436:8.0,14338:9.0,15790:9.0,26902:8.0,31574:10.0}
userRatings: 1	{1150:9.0,2643:8.0,6938:8.0,8339:9.0,9754:9.0,12490:9.0,13436:8.0,14338:9.0,15790:9.0,26902:8.0,31574:10.0}
userRatings: 1	{3853:10.0,7028:10.0,15327:10.0,15505:10.0,15790:10.0,27853:10.0,29066:10.0}
userRatings: 1	{3088:9.0,4986:10.0,6018:9.0,7562:10.0,9138:9.0,17863:9.0,22556:8.0}
userRatings: 1	{478:10.0,5207:10.0,11198:10.0,14137:10.0,29692:10.0}
userRatings: 1	{11625:10.0,15581:8.0,17223:8.0,18824:8.0,18992:10.0,28649:8.0,29529:10.0}
userRatings: 1	{9754:10.0,15505:10.0,21863:10.0}
userRatings: 1	{12819:9.0,16954:10.0,19709:10.0,21863:10.0,21985:10.0}
userRatings: 1	{3853:10.0,7028:10.0,15327:10.0,15505:10.0,15790:10.0,27853:10.0,29066:10.0}
userRatings: 1	{1150:9.0,2643:8.0,6938:8.0,8339:9.0,9754:9.0,12490:9.0,14338:9.0,15790:9.0,26902:8.0,31574:10.0}
userRatings: 1	{2310:9.0,2906:7.0,3088:9.0,8998:10.0,10369:9.0,19858:8.0,20361:9.0,22556:9.0,23950:10.0,28416:8.0}
userRatings: 1	{2310:9.0,2906:7.0,3088:9.0,10369:9.0,19858:8.0,20361:9.0,22556:9.0,23950:10.0,28416:8.0}
userRatings: 1	{478:10.0,11198:10.0}
userRatings: 1	{478:10.0,11198:10.0,23133:8.0}
userRatings: 1	{478:10.0,11198:10.0,23133:8.0}
userRatings: 1	{11625:10.0,15581:8.0,17223:8.0,18824:8.0,18992:10.0,28649:8.0,29529:10.0}
userRatings: 1	{226:8.0,554:7.0,1166:10.0,1673:8.0,2310:6.0,2652:10.0,3613:4.0,3853:9.0,4616:9.0,5940:8.0,7359:10.0,8354:8.0,13826:10.0,15790:10.0,15813:8.0,16877:7.0,18547:10.0,18550:9.0,19540:10.0,23052:7.0,25260:8.0,26491:9.0,26546:10.0,27015:8.0,28753:10.0,30319:7.0}
userRatings: 1	{226:8.0,554:7.0,1166:10.0,1673:8.0,2310:6.0,2652:10.0,3613:4.0,3853:9.0,4616:9.0,5940:8.0,7359:10.0,8354:8.0,13826:10.0,15790:10.0,15813:8.0,16877:7.0,18547:10.0,18550:9.0,19540:10.0,23052:7.0,25260:8.0,26491:9.0,26546:10.0,27015:8.0,28753:10.0,30319:7.0}
userRatings: 1	{226:8.0,554:7.0,1166:10.0,1673:8.0,2310:6.0,2652:10.0,3613:4.0,3853:9.0,4616:9.0,5940:8.0,7359:10.0,8354:8.0,13826:10.0,15790:10.0,15813:8.0,16877:7.0,18547:10.0,18550:9.0,19540:10.0,23052:7.0,25260:8.0,26491:9.0,26546:10.0,27015:8.0,30319:7.0}
userRatings: 1	{1150:9.0,2643:8.0,6938:8.0,8339:9.0,9754:9.0,12490:9.0,14338:9.0,15790:9.0,26902:8.0,31574:10.0}
userRatings: 1	{226:8.0,554:7.0,1166:10.0,1673:8.0,2310:6.0,2652:10.0,3613:4.0,3853:9.0,4616:9.0,5940:8.0,7359:10.0,8354:8.0,13826:10.0,15790:10.0,15813:8.0,16877:7.0,18547:10.0,18550:9.0,19540:10.0,23052:7.0,25260:8.0,26491:9.0,26546:10.0,27015:8.0,30319:7.0}
userRatings: 1	{226:8.0,554:7.0,1166:10.0,1673:8.0,2310:6.0,2652:10.0,3613:4.0,3853:9.0,4616:9.0,5940:8.0,7359:10.0,8354:8.0,13826:10.0,15790:10.0,15813:8.0,16877:7.0,18547:10.0,18550:9.0,19540:10.0,23052:7.0,25260:8.0,26491:9.0,26546:10.0,27015:8.0,30319:7.0}
userRatings: 1	{226:8.0,554:7.0,1166:10.0,1673:8.0,2310:6.0,2652:10.0,3613:4.0,3853:9.0,4616:9.0,5940:8.0,7359:10.0,8354:8.0,13826:10.0,15790:10.0,15813:8.0,16877:7.0,18547:10.0,18550:9.0,19540:10.0,23052:7.0,25260:8.0,26491:9.0,26546:10.0,27015:8.0,30319:7.0}
userRatings: 1	{226:8.0,554:7.0,1166:10.0,1673:8.0,2310:6.0,2652:10.0,3613:4.0,3853:9.0,4616:9.0,5940:8.0,7359:10.0,8354:8.0,13826:10.0,15790:10.0,15813:8.0,16877:7.0,18547:10.0,18550:9.0,19540:10.0,23052:7.0,25260:8.0,26491:9.0,26546:10.0,27015:8.0,30319:7.0}
userRatings: 1	{226:8.0,554:7.0,1166:10.0,1673:8.0,2310:6.0,2652:10.0,3613:4.0,3853:9.0,4616:9.0,5940:8.0,7359:10.0,8354:8.0,13826:10.0,15790:10.0,15813:8.0,16877:7.0,18547:10.0,18550:9.0,19540:10.0,23052:7.0,25260:8.0,26491:9.0,26546:10.0,27015:8.0,30319:7.0}
userRatings: 1	{226:8.0,554:7.0,1166:10.0,1673:8.0,2310:6.0,2652:10.0,3613:4.0,3853:9.0,4616:9.0,5940:8.0,7359:10.0,8354:8.0,13826:10.0,15790:10.0,15813:8.0,16877:7.0,18547:10.0,18550:9.0,19540:10.0,23052:7.0,25260:8.0,26491:9.0,26546:10.0,27015:8.0,30319:7.0}
userRatings: 1	{226:8.0,554:7.0,1166:10.0,1673:8.0,2310:6.0,2652:10.0,3613:4.0,3853:9.0,4616:9.0,5940:8.0,7359:10.0,8354:8.0,13826:10.0,15790:10.0,15813:8.0,16877:7.0,18547:10.0,18550:9.0,19540:10.0,23052:7.0,25260:8.0,26491:9.0,26546:10.0,27015:8.0,30319:7.0}
userRatings: 1	{226:8.0,554:7.0,1166:10.0,1673:8.0,2310:6.0,2652:10.0,3613:4.0,3853:9.0,4616:9.0,5940:8.0,7359:10.0,8354:8.0,13826:10.0,15790:10.0,15813:8.0,16877:7.0,18547:10.0,18550:9.0,19540:10.0,23052:7.0,25260:8.0,26491:9.0,26546:10.0,27015:8.0,30319:7.0}
userRatings: 1	{226:8.0,554:7.0,1166:10.0,1673:8.0,2310:6.0,2652:10.0,3613:4.0,3853:9.0,4616:9.0,5940:8.0,7359:10.0,8354:8.0,13826:10.0,15790:10.0,15813:8.0,16877:7.0,18547:10.0,18550:9.0,19540:10.0,23052:7.0,25260:8.0,26491:9.0,26546:10.0,27015:8.0,30319:7.0}
userRatings: 1	{226:8.0,554:7.0,1166:10.0,1673:8.0,2310:6.0,2652:10.0,3613:4.0,3853:9.0,4616:9.0,5940:8.0,7359:10.0,8354:8.0,13826:10.0,15790:10.0,15813:8.0,16877:7.0,18547:10.0,18550:9.0,19540:10.0,23052:7.0,25260:8.0,26491:9.0,26546:10.0,27015:8.0,30319:7.0}
userRatings: 1	{226:8.0,554:7.0,1166:10.0,1673:8.0,2310:6.0,2652:10.0,3613:4.0,3853:9.0,4616:9.0,5940:8.0,7359:10.0,8354:8.0,13826:10.0,15790:10.0,15813:8.0,16877:7.0,18547:10.0,18550:9.0,19540:10.0,23052:7.0,25260:8.0,26491:9.0,26546:10.0,27015:8.0,30319:7.0}
userRatings: 1	{226:8.0,554:7.0,1166:10.0,1673:8.0,2310:6.0,2652:10.0,3613:4.0,3853:9.0,4616:9.0,5940:8.0,7359:10.0,8354:8.0,13826:10.0,15790:10.0,15813:8.0,16877:7.0,18547:10.0,18550:9.0,19540:10.0,23052:7.0,25260:8.0,26491:9.0,26546:10.0,27015:8.0,30319:7.0}
userRatings: 1	{226:8.0,554:7.0,1166:10.0,1673:8.0,2310:6.0,2652:10.0,3613:4.0,3853:9.0,4616:9.0,5940:8.0,7359:10.0,8354:8.0,13826:10.0,15790:10.0,15813:8.0,16877:7.0,18547:10.0,18550:9.0,19540:10.0,23052:7.0,25260:8.0,26491:9.0,26546:10.0,27015:8.0,30319:7.0}
userRatings: 1	{226:8.0,554:7.0,1166:10.0,1673:8.0,2310:6.0,2652:10.0,3613:4.0,3853:9.0,4616:9.0,5940:8.0,7359:10.0,8354:8.0,13826:10.0,15790:10.0,15813:8.0,16877:7.0,18547:10.0,18550:9.0,19540:10.0,23052:7.0,25260:8.0,26491:9.0,26546:10.0,27015:8.0,30319:7.0}
userRatings: 1	{226:8.0,554:7.0,1166:10.0,1673:8.0,2310:6.0,2652:10.0,3613:4.0,3853:9.0,4616:9.0,5940:8.0,7359:10.0,8354:8.0,13826:10.0,15790:10.0,15813:8.0,16877:7.0,18547:10.0,18550:9.0,19540:10.0,23052:7.0,25260:8.0,26491:9.0,26546:10.0,27015:8.0,30319:7.0}
userRatings: 1	{226:8.0,554:7.0,1166:10.0,1673:8.0,2310:6.0,2652:10.0,3613:4.0,3853:9.0,4616:9.0,5940:8.0,7359:10.0,8354:8.0,13826:10.0,15790:10.0,15813:8.0,16877:7.0,18547:10.0,18550:9.0,19540:10.0,23052:7.0,25260:8.0,26491:9.0,26546:10.0,27015:8.0,30319:7.0}
userRatings: 1	{226:8.0,554:7.0,1166:10.0,1673:8.0,2310:6.0,2652:10.0,3613:4.0,3853:9.0,4616:9.0,5940:8.0,7359:10.0,8354:8.0,13826:10.0,15790:10.0,15813:8.0,16877:7.0,18547:10.0,18550:9.0,19540:10.0,23052:7.0,25260:8.0,26491:9.0,26546:10.0,27015:8.0,30319:7.0}
userRatings: 1	{226:8.0,554:7.0,1166:10.0,1673:8.0,2310:6.0,2652:10.0,3613:4.0,3853:9.0,4616:9.0,5940:8.0,7359:10.0,8354:8.0,13826:10.0,15790:10.0,15813:8.0,16877:7.0,18547:10.0,18550:9.0,19540:10.0,23052:7.0,25260:8.0,26491:9.0,26546:10.0,27015:8.0,30319:7.0}
userRatings: 1	{6416:10.0,11281:8.0,14911:8.0,26430:8.0,30441:8.0}
userRatings: 14	{10136:4.0,13313:6.0,25130:-1.0}
2012-10-21 22:22:53.582:WARN:oejs.AbstractHttpConnection:/?user_id=14
java.lang.NullPointerException
	at com.ydy.cf.common.VectorUtils.parseVector(VectorUtils.java:62)
	at com.ydy.cf.als.math.solver.ALSSolver.<init>(ALSSolver.java:73)
	at com.ydy.jetty.server.SolverHandler.handle(SolverHandler.java:22)
	at org.eclipse.jetty.server.handler.HandlerWrapper.handle(HandlerWrapper.java:111)
	at org.eclipse.jetty.server.Server.handle(Server.java:351)
	at org.eclipse.jetty.server.AbstractHttpConnection.handleRequest(AbstractHttpConnection.java:451)
	at org.eclipse.jetty.server.AbstractHttpConnection$RequestHandler.headerComplete(AbstractHttpConnection.java:916)
	at org.eclipse.jetty.http.HttpParser.parseNext(HttpParser.java:634)
	at org.eclipse.jetty.http.HttpParser.parseAvailable(HttpParser.java:230)
	at org.eclipse.jetty.server.AsyncHttpConnection.handle(AsyncHttpConnection.java:76)
	at org.eclipse.jetty.io.nio.SelectChannelEndPoint.handle(SelectChannelEndPoint.java:611)
	at org.eclipse.jetty.io.nio.SelectChannelEndPoint$1.run(SelectChannelEndPoint.java:45)
	at org.eclipse.jetty.util.thread.QueuedThreadPool.runJob(QueuedThreadPool.java:599)
	at org.eclipse.jetty.util.thread.QueuedThreadPool$3.run(QueuedThreadPool.java:534)
	at java.lang.Thread.run(Thread.java:662)
2012-10-21 22:23:01.499:WARN:oejs.AbstractHttpConnection:/?user_id=14
java.lang.NullPointerException
	at com.ydy.cf.common.VectorUtils.parseVector(VectorUtils.java:62)
	at com.ydy.cf.als.math.solver.ALSSolver.<init>(ALSSolver.java:73)
	at com.ydy.jetty.server.SolverHandler.handle(SolverHandler.java:22)
	at org.eclipse.jetty.server.handler.HandlerWrapper.handle(HandlerWrapper.java:111)
	at org.eclipse.jetty.server.Server.handle(Server.java:351)
	at org.eclipse.jetty.server.AbstractHttpConnection.handleRequest(AbstractHttpConnection.java:451)
	at org.eclipse.jetty.server.AbstractHttpConnection$RequestHandler.headerComplete(AbstractHttpConnection.java:916)
	at org.eclipse.jetty.http.HttpParser.parseNext(HttpParser.java:634)
	at org.eclipse.jetty.http.HttpParser.parseAvailable(HttpParser.java:230)
	at org.eclipse.jetty.server.AsyncHttpConnection.handle(AsyncHttpConnection.java:76)
	at org.eclipse.jetty.io.nio.SelectChannelEndPoint.handle(SelectChannelEndPoint.java:611)
	at org.eclipse.jetty.io.nio.SelectChannelEndPoint$1.run(SelectChannelEndPoint.java:45)
	at org.eclipse.jetty.util.thread.QueuedThreadPool.runJob(QueuedThreadPool.java:599)
	at org.eclipse.jetty.util.thread.QueuedThreadPool$3.run(QueuedThreadPool.java:534)
	at java.lang.Thread.run(Thread.java:662)
2012-10-21 22:36:45.819:WARN:oejs.AbstractHttpConnection:/?user_id=14
java.lang.NullPointerException
	at com.ydy.cf.common.VectorUtils.parseVector(VectorUtils.java:62)
	at com.ydy.cf.als.math.solver.ALSSolver.<init>(ALSSolver.java:73)
	at com.ydy.jetty.server.SolverHandler.handle(SolverHandler.java:22)
	at org.eclipse.jetty.server.handler.HandlerWrapper.handle(HandlerWrapper.java:111)
	at org.eclipse.jetty.server.Server.handle(Server.java:351)
	at org.eclipse.jetty.server.AbstractHttpConnection.handleRequest(AbstractHttpConnection.java:451)
	at org.eclipse.jetty.server.AbstractHttpConnection$RequestHandler.headerComplete(AbstractHttpConnection.java:916)
	at org.eclipse.jetty.http.HttpParser.parseNext(HttpParser.java:634)
	at org.eclipse.jetty.http.HttpParser.parseAvailable(HttpParser.java:230)
	at org.eclipse.jetty.server.AsyncHttpConnection.handle(AsyncHttpConnection.java:76)
	at org.eclipse.jetty.io.nio.SelectChannelEndPoint.handle(SelectChannelEndPoint.java:611)
	at org.eclipse.jetty.io.nio.SelectChannelEndPoint$1.run(SelectChannelEndPoint.java:45)
	at org.eclipse.jetty.util.thread.QueuedThreadPool.runJob(QueuedThreadPool.java:599)
	at org.eclipse.jetty.util.thread.QueuedThreadPool$3.run(QueuedThreadPool.java:534)
	at java.lang.Thread.run(Thread.java:662)
2012-10-21 22:36:57.702:WARN:oejs.AbstractHttpConnection:/?user_id=14
java.lang.NullPointerException
	at com.ydy.cf.common.VectorUtils.parseVector(VectorUtils.java:62)
	at com.ydy.cf.als.math.solver.ALSSolver.<init>(ALSSolver.java:73)
	at com.ydy.jetty.server.SolverHandler.handle(SolverHandler.java:22)
	at org.eclipse.jetty.server.handler.HandlerWrapper.handle(HandlerWrapper.java:111)
	at org.eclipse.jetty.server.Server.handle(Server.java:351)
	at org.eclipse.jetty.server.AbstractHttpConnection.handleRequest(AbstractHttpConnection.java:451)
	at org.eclipse.jetty.server.AbstractHttpConnection$RequestHandler.headerComplete(AbstractHttpConnection.java:916)
	at org.eclipse.jetty.http.HttpParser.parseNext(HttpParser.java:634)
	at org.eclipse.jetty.http.HttpParser.parseAvailable(HttpParser.java:230)
	at org.eclipse.jetty.server.AsyncHttpConnection.handle(AsyncHttpConnection.java:76)
	at org.eclipse.jetty.io.nio.SelectChannelEndPoint.handle(SelectChannelEndPoint.java:611)
	at org.eclipse.jetty.io.nio.SelectChannelEndPoint$1.run(SelectChannelEndPoint.java:45)
	at org.eclipse.jetty.util.thread.QueuedThreadPool.runJob(QueuedThreadPool.java:599)
	at org.eclipse.jetty.util.thread.QueuedThreadPool$3.run(QueuedThreadPool.java:534)
	at java.lang.Thread.run(Thread.java:662)
2012-10-21 22:36:58.478:WARN:oejs.AbstractHttpConnection:/?user_id=14
java.lang.NullPointerException
	at com.ydy.cf.common.VectorUtils.parseVector(VectorUtils.java:62)
	at com.ydy.cf.als.math.solver.ALSSolver.<init>(ALSSolver.java:73)
	at com.ydy.jetty.server.SolverHandler.handle(SolverHandler.java:22)
	at org.eclipse.jetty.server.handler.HandlerWrapper.handle(HandlerWrapper.java:111)
	at org.eclipse.jetty.server.Server.handle(Server.java:351)
	at org.eclipse.jetty.server.AbstractHttpConnection.handleRequest(AbstractHttpConnection.java:451)
	at org.eclipse.jetty.server.AbstractHttpConnection$RequestHandler.headerComplete(AbstractHttpConnection.java:916)
	at org.eclipse.jetty.http.HttpParser.parseNext(HttpParser.java:634)
	at org.eclipse.jetty.http.HttpParser.parseAvailable(HttpParser.java:230)
	at org.eclipse.jetty.server.AsyncHttpConnection.handle(AsyncHttpConnection.java:76)
	at org.eclipse.jetty.io.nio.SelectChannelEndPoint.handle(SelectChannelEndPoint.java:611)
	at org.eclipse.jetty.io.nio.SelectChannelEndPoint$1.run(SelectChannelEndPoint.java:45)
	at org.eclipse.jetty.util.thread.QueuedThreadPool.runJob(QueuedThreadPool.java:599)
	at org.eclipse.jetty.util.thread.QueuedThreadPool$3.run(QueuedThreadPool.java:534)
	at java.lang.Thread.run(Thread.java:662)
2012-10-21 22:36:58.815:WARN:oejs.AbstractHttpConnection:/?user_id=14
java.lang.NullPointerException
	at com.ydy.cf.common.VectorUtils.parseVector(VectorUtils.java:62)
	at com.ydy.cf.als.math.solver.ALSSolver.<init>(ALSSolver.java:73)
	at com.ydy.jetty.server.SolverHandler.handle(SolverHandler.java:22)
	at org.eclipse.jetty.server.handler.HandlerWrapper.handle(HandlerWrapper.java:111)
	at org.eclipse.jetty.server.Server.handle(Server.java:351)
	at org.eclipse.jetty.server.AbstractHttpConnection.handleRequest(AbstractHttpConnection.java:451)
	at org.eclipse.jetty.server.AbstractHttpConnection$RequestHandler.headerComplete(AbstractHttpConnection.java:916)
	at org.eclipse.jetty.http.HttpParser.parseNext(HttpParser.java:634)
	at org.eclipse.jetty.http.HttpParser.parseAvailable(HttpParser.java:230)
	at org.eclipse.jetty.server.AsyncHttpConnection.handle(AsyncHttpConnection.java:76)
	at org.eclipse.jetty.io.nio.SelectChannelEndPoint.handle(SelectChannelEndPoint.java:611)
	at org.eclipse.jetty.io.nio.SelectChannelEndPoint$1.run(SelectChannelEndPoint.java:45)
	at org.eclipse.jetty.util.thread.QueuedThreadPool.runJob(QueuedThreadPool.java:599)
	at org.eclipse.jetty.util.thread.QueuedThreadPool$3.run(QueuedThreadPool.java:534)
	at java.lang.Thread.run(Thread.java:662)
2012-10-21 22:36:59.062:WARN:oejs.AbstractHttpConnection:/?user_id=14
java.lang.NullPointerException
	at com.ydy.cf.common.VectorUtils.parseVector(VectorUtils.java:62)
	at com.ydy.cf.als.math.solver.ALSSolver.<init>(ALSSolver.java:73)
	at com.ydy.jetty.server.SolverHandler.handle(SolverHandler.java:22)
	at org.eclipse.jetty.server.handler.HandlerWrapper.handle(HandlerWrapper.java:111)
	at org.eclipse.jetty.server.Server.handle(Server.java:351)
	at org.eclipse.jetty.server.AbstractHttpConnection.handleRequest(AbstractHttpConnection.java:451)
	at org.eclipse.jetty.server.AbstractHttpConnection$RequestHandler.headerComplete(AbstractHttpConnection.java:916)
	at org.eclipse.jetty.http.HttpParser.parseNext(HttpParser.java:634)
	at org.eclipse.jetty.http.HttpParser.parseAvailable(HttpParser.java:230)
	at org.eclipse.jetty.server.AsyncHttpConnection.handle(AsyncHttpConnection.java:76)
	at org.eclipse.jetty.io.nio.SelectChannelEndPoint.handle(SelectChannelEndPoint.java:611)
	at org.eclipse.jetty.io.nio.SelectChannelEndPoint$1.run(SelectChannelEndPoint.java:45)
	at org.eclipse.jetty.util.thread.QueuedThreadPool.runJob(QueuedThreadPool.java:599)
	at org.eclipse.jetty.util.thread.QueuedThreadPool$3.run(QueuedThreadPool.java:534)
	at java.lang.Thread.run(Thread.java:662)
2012-10-21 22:36:59.287:WARN:oejs.AbstractHttpConnection:/?user_id=14
java.lang.NullPointerException
	at com.ydy.cf.common.VectorUtils.parseVector(VectorUtils.java:62)
	at com.ydy.cf.als.math.solver.ALSSolver.<init>(ALSSolver.java:73)
	at com.ydy.jetty.server.SolverHandler.handle(SolverHandler.java:22)
	at org.eclipse.jetty.server.handler.HandlerWrapper.handle(HandlerWrapper.java:111)
	at org.eclipse.jetty.server.Server.handle(Server.java:351)
	at org.eclipse.jetty.server.AbstractHttpConnection.handleRequest(AbstractHttpConnection.java:451)
	at org.eclipse.jetty.server.AbstractHttpConnection$RequestHandler.headerComplete(AbstractHttpConnection.java:916)
	at org.eclipse.jetty.http.HttpParser.parseNext(HttpParser.java:634)
	at org.eclipse.jetty.http.HttpParser.parseAvailable(HttpParser.java:230)
	at org.eclipse.jetty.server.AsyncHttpConnection.handle(AsyncHttpConnection.java:76)
	at org.eclipse.jetty.io.nio.SelectChannelEndPoint.handle(SelectChannelEndPoint.java:611)
	at org.eclipse.jetty.io.nio.SelectChannelEndPoint$1.run(SelectChannelEndPoint.java:45)
	at org.eclipse.jetty.util.thread.QueuedThreadPool.runJob(QueuedThreadPool.java:599)
	at org.eclipse.jetty.util.thread.QueuedThreadPool$3.run(QueuedThreadPool.java:534)
	at java.lang.Thread.run(Thread.java:662)
2012-10-21 22:36:59.514:WARN:oejs.AbstractHttpConnection:/?user_id=14
java.lang.NullPointerException
	at com.ydy.cf.common.VectorUtils.parseVector(VectorUtils.java:62)
	at com.ydy.cf.als.math.solver.ALSSolver.<init>(ALSSolver.java:73)
	at com.ydy.jetty.server.SolverHandler.handle(SolverHandler.java:22)
	at org.eclipse.jetty.server.handler.HandlerWrapper.handle(HandlerWrapper.java:111)
	at org.eclipse.jetty.server.Server.handle(Server.java:351)
	at org.eclipse.jetty.server.AbstractHttpConnection.handleRequest(AbstractHttpConnection.java:451)
	at org.eclipse.jetty.server.AbstractHttpConnection$RequestHandler.headerComplete(AbstractHttpConnection.java:916)
	at org.eclipse.jetty.http.HttpParser.parseNext(HttpParser.java:634)
	at org.eclipse.jetty.http.HttpParser.parseAvailable(HttpParser.java:230)
	at org.eclipse.jetty.server.AsyncHttpConnection.handle(AsyncHttpConnection.java:76)
	at org.eclipse.jetty.io.nio.SelectChannelEndPoint.handle(SelectChannelEndPoint.java:611)
	at org.eclipse.jetty.io.nio.SelectChannelEndPoint$1.run(SelectChannelEndPoint.java:45)
	at org.eclipse.jetty.util.thread.QueuedThreadPool.runJob(QueuedThreadPool.java:599)
	at org.eclipse.jetty.util.thread.QueuedThreadPool$3.run(QueuedThreadPool.java:534)
	at java.lang.Thread.run(Thread.java:662)
2012-10-21 22:36:59.735:WARN:oejs.AbstractHttpConnection:/?user_id=14
java.lang.NullPointerException
	at com.ydy.cf.common.VectorUtils.parseVector(VectorUtils.java:62)
	at com.ydy.cf.als.math.solver.ALSSolver.<init>(ALSSolver.java:73)
	at com.ydy.jetty.server.SolverHandler.handle(SolverHandler.java:22)
	at org.eclipse.jetty.server.handler.HandlerWrapper.handle(HandlerWrapper.java:111)
	at org.eclipse.jetty.server.Server.handle(Server.java:351)
	at org.eclipse.jetty.server.AbstractHttpConnection.handleRequest(AbstractHttpConnection.java:451)
	at org.eclipse.jetty.server.AbstractHttpConnection$RequestHandler.headerComplete(AbstractHttpConnection.java:916)
	at org.eclipse.jetty.http.HttpParser.parseNext(HttpParser.java:634)
	at org.eclipse.jetty.http.HttpParser.parseAvailable(HttpParser.java:230)
	at org.eclipse.jetty.server.AsyncHttpConnection.handle(AsyncHttpConnection.java:76)
	at org.eclipse.jetty.io.nio.SelectChannelEndPoint.handle(SelectChannelEndPoint.java:611)
	at org.eclipse.jetty.io.nio.SelectChannelEndPoint$1.run(SelectChannelEndPoint.java:45)
	at org.eclipse.jetty.util.thread.QueuedThreadPool.runJob(QueuedThreadPool.java:599)
	at org.eclipse.jetty.util.thread.QueuedThreadPool$3.run(QueuedThreadPool.java:534)
	at java.lang.Thread.run(Thread.java:662)
